<?xml version="1.0" encoding="UTF-8"?>
<testsuite xmlns:xsi="http://www.w3.org/2001/XMLSchema-instance" xsi:noNamespaceSchemaLocation="https://maven.apache.org/surefire/maven-surefire-plugin/xsd/surefire-test-report.xsd" version="3.0.2" name="com.example.order.domain.OrderDomainTest" time="0.107" tests="9" errors="0" skipped="0" failures="0">
  <properties>
[...]
</properties>
  <testcase name="testOrderCancelledEvent" classname="com.example.order.domain.OrderDomainTest" time="0.033"/>
  <testcase name="testOrderTotalCalculation" classname="com.example.order.domain.OrderDomainTest" time="0.0"/>
  <testcase name="testCancelledOrderCannotBePaid" classname="com.example.order.domain.OrderDomainTest" time="0.0"/>
  <testcase name="testConfirmOrderWithLines" classname="com.example.order.domain.OrderDomainTest" time="0.0"/>
  <testcase name="testQuantityMustBePositiveWholeNumber" classname="com.example.order.domain.OrderDomainTest" time="0.006"/>
  <testcase name="testPaymentRecordedEvent" classname="com.example.order.domain.OrderDomainTest" time="0.004"/>
  <testcase name="testCannotConfirmEmptyOrder" classname="com.example.order.domain.OrderDomainTest" time="0.004"/>
  <testcase name="testPaidOrderCannotReturnToDraft" classname="com.example.order.domain.OrderDomainTest" time="0.0"/>
  <testcase name="testNewOrderInitialState" classname="com.example.order.domain.OrderDomainTest" time="0.001"/>
</testsuite>